SF:lib/core/error/failure.dart
DA:6,2
DA:8,0
DA:9,0
DA:13,0
DA:18,2
DA:26,0
LF:6
LH:2
end_of_record
SF:lib/features/auth/domain/entity/auth_entity.dart
DA:11,4
DA:20,0
DA:22,0
LF:3
LH:1
end_of_record
SF:lib/core/common/snackbar/my_snackbar.dart
DA:3,0
DA:8,0
DA:10,0
DA:11,0
DA:12,0
LF:5
LH:0
end_of_record
SF:lib/features/auth/domain/use_case/register_usecase.dart
DA:15,2
DA:23,0
DA:30,0
DA:32,0
DA:38,0
DA:40,0
DA:42,0
DA:43,0
DA:44,0
DA:45,0
DA:48,0
LF:11
LH:1
end_of_record
SF:lib/features/auth/presentation/view_model/signup/register_event.dart
DA:4,2
DA:6,1
DA:7,1
DA:13,1
DA:26,2
LF:5
LH:5
end_of_record
SF:lib/features/auth/presentation/view_model/signup/register_state.dart
DA:8,2
DA:14,5
DA:19,1
DA:24,1
DA:25,0
DA:26,1
DA:27,1
DA:31,1
DA:32,4
LF:9
LH:8
end_of_record
SF:lib/features/auth/presentation/view_model/signup/register_bloc.dart
DA:15,1
DA:18,1
DA:19,2
DA:22,1
DA:26,3
DA:27,3
DA:28,1
DA:29,1
DA:30,1
DA:33,1
DA:34,4
DA:35,0
DA:36,0
DA:37,0
DA:38,0
LF:15
LH:11
end_of_record
SF:lib/core/network/hive_service.dart
DA:8,0
DA:10,0
DA:11,0
DA:13,0
DA:16,0
DA:20,0
DA:21,0
DA:22,0
DA:25,0
DA:26,0
DA:27,0
DA:30,0
DA:31,0
DA:32,0
DA:36,0
DA:44,0
DA:45,0
DA:46,0
DA:47,0
DA:51,0
DA:52,0
DA:56,0
DA:57,0
DA:60,0
DA:61,0
LF:25
LH:0
end_of_record
SF:lib/features/auth/data/data_source/local_data_source/auth_local_datasource.dart
DA:13,1
DA:15,1
DA:18,1
DA:26,1
DA:29,2
DA:30,1
DA:32,0
DA:36,0
DA:40,0
DA:41,0
DA:42,0
DA:44,0
DA:48,0
DA:50,0
LF:14
LH:6
end_of_record
SF:lib/app/constants/hive_constant.dart
DA:2,0
LF:1
LH:0
end_of_record
SF:lib/features/auth/data/model/auth_hive_model.dart
DA:27,0
DA:33,0
DA:35,0
DA:36,0
DA:42,0
DA:43,0
DA:44,0
DA:45,0
DA:46,0
DA:47,0
DA:48,0
DA:52,0
DA:53,0
DA:54,0
DA:55,0
DA:56,0
DA:57,0
DA:58,0
DA:62,0
DA:63,0
LF:20
LH:0
end_of_record
SF:lib/features/auth/data/model/auth_hive_model.g.dart
DA:13,0
DA:15,0
DA:16,0
DA:17,0
DA:19,0
DA:20,0
DA:21,0
DA:22,0
DA:23,0
DA:24,0
DA:28,0
DA:31,0
DA:32,0
DA:33,0
DA:34,0
DA:35,0
DA:36,0
DA:37,0
DA:38,0
DA:39,0
DA:40,0
DA:41,0
DA:44,0
DA:45,0
DA:47,0
DA:50,0
DA:51,0
DA:52,0
LF:28
LH:0
end_of_record
SF:lib/app/constants/api_endpoints.dart
DA:2,0
LF:1
LH:0
end_of_record
SF:lib/features/auth/data/data_source/remote_data_source/auth_remote_data_source.dart
DA:11,1
DA:13,1
DA:16,2
DA:18,1
DA:19,1
DA:20,1
DA:21,1
DA:22,1
DA:26,2
DA:29,0
DA:31,1
DA:32,1
DA:34,0
DA:38,0
DA:40,0
DA:43,0
DA:46,0
DA:48,0
DA:54,0
DA:55,0
DA:58,0
DA:60,0
DA:61,0
DA:63,0
DA:67,0
DA:70,0
LF:26
LH:11
end_of_record
